EDA Netlist Writer report for dazmarlah_machine
Wed Nov 01 12:17:29 2017
Quartus II Version 9.1 Build 350 03/24/2010 Service Pack 2 SJ Web Edition


---------------------
; Table of Contents ;
---------------------
  1. Legal Notice
  2. EDA Netlist Writer Summary
  3. Simulation Settings
  4. Simulation Generated Files
  5. Timing Analysis Settings
  6. Timing Analysis Generated Files
  7. EDA Netlist Writer Messages



----------------
; Legal Notice ;
----------------
Copyright (C) 1991-2010 Altera Corporation
Your use of Altera Corporation's design tools, logic functions 
and other software and tools, and its AMPP partner logic 
functions, and any output files from any of the foregoing 
(including device programming or simulation files), and any 
associated documentation or information are expressly subject 
to the terms and conditions of the Altera Program License 
Subscription Agreement, Altera MegaCore Function License 
Agreement, or other applicable license agreement, including, 
without limitation, that your use is for the sole purpose of 
programming logic devices manufactured by Altera and sold by 
Altera or its authorized distributors.  Please refer to the 
applicable agreement for further details.



+------------------------------------------------------------------------+
; EDA Netlist Writer Summary                                             ;
+--------------------------------+---------------------------------------+
; EDA Netlist Writer Status      ; Successful - Wed Nov 01 12:17:29 2017 ;
; Revision Name                  ; dazmarlah_machine                     ;
; Top-level Entity Name          ; dazmarlah_machine                     ;
; Family                         ; Cyclone II                            ;
; Simulation Files Creation      ; Successful                            ;
; Timing Analysis Files Creation ; Successful                            ;
+--------------------------------+---------------------------------------+


+----------------------------------------------------------------------------------------------------------------------------+
; Simulation Settings                                                                                                        ;
+---------------------------------------------------------------------------------------------------+------------------------+
; Option                                                                                            ; Setting                ;
+---------------------------------------------------------------------------------------------------+------------------------+
; Tool Name                                                                                         ; ModelSim-Altera (VHDL) ;
; Generate netlist for functional simulation only                                                   ; Off                    ;
; Time scale                                                                                        ; 1 ps                   ;
; Truncate long hierarchy paths                                                                     ; Off                    ;
; Map illegal HDL characters                                                                        ; Off                    ;
; Flatten buses into individual nodes                                                               ; Off                    ;
; Maintain hierarchy                                                                                ; Off                    ;
; Bring out device-wide set/reset signals as ports                                                  ; Off                    ;
; Enable glitch filtering                                                                           ; Off                    ;
; Do not write top level VHDL entity                                                                ; Off                    ;
; Disable detection of setup and hold time violations in the input registers of bi-directional pins ; Off                    ;
; Architecture name in VHDL output netlist                                                          ; structure              ;
; Generate third-party EDA tool command script for RTL functional simulation                        ; Off                    ;
; Generate third-party EDA tool command script for gate-level simulation                            ; Off                    ;
+---------------------------------------------------------------------------------------------------+------------------------+


+---------------------------------------------------------------------------------------+
; Simulation Generated Files                                                            ;
+---------------------------------------------------------------------------------------+
; Generated Files                                                                       ;
+---------------------------------------------------------------------------------------+
; C:/altera/91sp2/quartus/vending_machine/simulation/modelsim/dazmarlah_machine.vho     ;
; C:/altera/91sp2/quartus/vending_machine/simulation/modelsim/dazmarlah_machine_vhd.sdo ;
+---------------------------------------------------------------------------------------+


+---------------------------------------------------+
; Timing Analysis Settings                          ;
+-------------------------------------+-------------+
; Option                              ; Setting     ;
+-------------------------------------+-------------+
; Tool Name                           ; Custom VHDL ;
; Time scale                          ; 1 ps        ;
; Truncate long hierarchy paths       ; Off         ;
; Map illegal HDL characters          ; Off         ;
; Flatten buses into individual nodes ; Off         ;
+-------------------------------------+-------------+


+---------------------------------------------------------------------------------+
; Timing Analysis Generated Files                                                 ;
+---------------------------------------------------------------------------------+
; Generated Files                                                                 ;
+---------------------------------------------------------------------------------+
; C:/altera/91sp2/quartus/vending_machine/timing/custom/dazmarlah_machine.vho     ;
; C:/altera/91sp2/quartus/vending_machine/timing/custom/dazmarlah_machine_vhd.sdo ;
+---------------------------------------------------------------------------------+


+-----------------------------+
; EDA Netlist Writer Messages ;
+-----------------------------+
Info: *******************************************************************
Info: Running Quartus II EDA Netlist Writer
    Info: Version 9.1 Build 350 03/24/2010 Service Pack 2 SJ Web Edition
    Info: Processing started: Wed Nov 01 12:17:28 2017
Info: Command: quartus_eda --read_settings_files=off --write_settings_files=off jermy_vending_machine -c dazmarlah_machine
Info: Generated files "dazmarlah_machine.vho" and "dazmarlah_machine_vhd.sdo" in directory "C:/altera/91sp2/quartus/vending_machine/simulation/modelsim/" for EDA simulation tool
Info: Generated files "dazmarlah_machine.vho" and "dazmarlah_machine_vhd.sdo" in directory "C:/altera/91sp2/quartus/vending_machine/timing/custom/" for EDA timing analysis tool
Info: Quartus II EDA Netlist Writer was successful. 0 errors, 0 warnings
    Info: Peak virtual memory: 179 megabytes
    Info: Processing ended: Wed Nov 01 12:17:29 2017
    Info: Elapsed time: 00:00:01
    Info: Total CPU time (on all processors): 00:00:01


