Flow report for dazmarlah_machine
Wed Nov 01 12:17:29 2017
Quartus II Version 9.1 Build 350 03/24/2010 Service Pack 2 SJ Web Edition


---------------------
; Table of Contents ;
---------------------
  1. Legal Notice
  2. Flow Summary
  3. Flow Settings
  4. Flow Non-Default Global Settings
  5. Flow Elapsed Time
  6. Flow OS Summary
  7. Flow Log



----------------
; Legal Notice ;
----------------
Copyright (C) 1991-2010 Altera Corporation
Your use of Altera Corporation's design tools, logic functions 
and other software and tools, and its AMPP partner logic 
functions, and any output files from any of the foregoing 
(including device programming or simulation files), and any 
associated documentation or information are expressly subject 
to the terms and conditions of the Altera Program License 
Subscription Agreement, Altera MegaCore Function License 
Agreement, or other applicable license agreement, including, 
without limitation, that your use is for the sole purpose of 
programming logic devices manufactured by Altera and sold by 
Altera or its authorized distributors.  Please refer to the 
applicable agreement for further details.



+-----------------------------------------------------------------------------------+
; Flow Summary                                                                      ;
+------------------------------------+----------------------------------------------+
; Flow Status                        ; Successful - Wed Nov 01 12:17:29 2017        ;
; Quartus II Version                 ; 9.1 Build 350 03/24/2010 SP 2 SJ Web Edition ;
; Revision Name                      ; dazmarlah_machine                            ;
; Top-level Entity Name              ; dazmarlah_machine                            ;
; Family                             ; Cyclone II                                   ;
; Device                             ; EP2C20F256C6                                 ;
; Timing Models                      ; Final                                        ;
; Met timing requirements            ; Yes                                          ;
; Total logic elements               ; 17 / 18,752 ( < 1 % )                        ;
;     Total combinational functions  ; 17 / 18,752 ( < 1 % )                        ;
;     Dedicated logic registers      ; 10 / 18,752 ( < 1 % )                        ;
; Total registers                    ; 10                                           ;
; Total pins                         ; 12 / 152 ( 8 % )                             ;
; Total virtual pins                 ; 0                                            ;
; Total memory bits                  ; 0 / 239,616 ( 0 % )                          ;
; Embedded Multiplier 9-bit elements ; 0 / 52 ( 0 % )                               ;
; Total PLLs                         ; 0 / 4 ( 0 % )                                ;
+------------------------------------+----------------------------------------------+


+-----------------------------------------+
; Flow Settings                           ;
+-------------------+---------------------+
; Option            ; Setting             ;
+-------------------+---------------------+
; Start date & time ; 11/01/2017 12:17:10 ;
; Main task         ; Compilation         ;
; Revision Name     ; dazmarlah_machine   ;
+-------------------+---------------------+


+--------------------------------------------------------------------------------------------------------------------------+
; Flow Non-Default Global Settings                                                                                         ;
+------------------------------------+--------------------------------+---------------+-------------+----------------------+
; Assignment Name                    ; Value                          ; Default Value ; Entity Name ; Section Id           ;
+------------------------------------+--------------------------------+---------------+-------------+----------------------+
; COMPILER_SIGNATURE_ID              ; 29563463951973.150953503006832 ; --            ; --          ; --                   ;
; EDA_DESIGN_ENTRY_SYNTHESIS_TOOL    ; Design Compiler                ; <None>        ; --          ; --                   ;
; EDA_INPUT_DATA_FORMAT              ; Edif                           ; --            ; --          ; eda_design_synthesis ;
; EDA_INPUT_VCC_NAME                 ; Vdd                            ; --            ; --          ; eda_design_synthesis ;
; EDA_LMF_FILE                       ; altsyn.lmf                     ; --            ; --          ; eda_design_synthesis ;
; EDA_NETLIST_WRITER_OUTPUT_DIR      ; timing/custom                  ; --            ; --          ; eda_timing_analysis  ;
; EDA_OUTPUT_DATA_FORMAT             ; Vhdl                           ; --            ; --          ; eda_simulation       ;
; EDA_OUTPUT_DATA_FORMAT             ; Vhdl                           ; --            ; --          ; eda_timing_analysis  ;
; EDA_SIMULATION_TOOL                ; ModelSim-Altera (VHDL)         ; <None>        ; --          ; --                   ;
; EDA_TIMING_ANALYSIS_TOOL           ; Custom VHDL                    ; <None>        ; --          ; --                   ;
; MAX_CORE_JUNCTION_TEMP             ; 85                             ; --            ; --          ; --                   ;
; MIN_CORE_JUNCTION_TEMP             ; 0                              ; --            ; --          ; --                   ;
; PARTITION_COLOR                    ; 16764057                       ; --            ; --          ; Top                  ;
; PARTITION_NETLIST_TYPE             ; SOURCE                         ; --            ; --          ; Top                  ;
; USE_GENERATED_PHYSICAL_CONSTRAINTS ; Off                            ; --            ; --          ; eda_blast_fpga       ;
+------------------------------------+--------------------------------+---------------+-------------+----------------------+


+-----------------------------------------------------------------------------------------------------------------------------+
; Flow Elapsed Time                                                                                                           ;
+-------------------------+--------------+-------------------------+---------------------+------------------------------------+
; Module Name             ; Elapsed Time ; Average Processors Used ; Peak Virtual Memory ; Total CPU Time (on all processors) ;
+-------------------------+--------------+-------------------------+---------------------+------------------------------------+
; Analysis & Synthesis    ; 00:00:04     ; 1.0                     ; 245 MB              ; 00:00:02                           ;
; Fitter                  ; 00:00:06     ; 1.0                     ; 235 MB              ; 00:00:05                           ;
; Assembler               ; 00:00:02     ; 1.0                     ; 220 MB              ; 00:00:02                           ;
; Classic Timing Analyzer ; 00:00:00     ; 1.0                     ; 154 MB              ; 00:00:00                           ;
; EDA Netlist Writer      ; 00:00:01     ; 1.0                     ; 166 MB              ; 00:00:01                           ;
; Total                   ; 00:00:13     ; --                      ; --                  ; 00:00:10                           ;
+-------------------------+--------------+-------------------------+---------------------+------------------------------------+


+------------------------------------------------------------------------------------------+
; Flow OS Summary                                                                          ;
+-------------------------+------------------+---------------+------------+----------------+
; Module Name             ; Machine Hostname ; OS Name       ; OS Version ; Processor type ;
+-------------------------+------------------+---------------+------------+----------------+
; Analysis & Synthesis    ; LENOVO           ; Windows Vista ; 6.2        ; x86_64         ;
; Fitter                  ; LENOVO           ; Windows Vista ; 6.2        ; x86_64         ;
; Assembler               ; LENOVO           ; Windows Vista ; 6.2        ; x86_64         ;
; Classic Timing Analyzer ; LENOVO           ; Windows Vista ; 6.2        ; x86_64         ;
; EDA Netlist Writer      ; LENOVO           ; Windows Vista ; 6.2        ; x86_64         ;
+-------------------------+------------------+---------------+------------+----------------+


------------
; Flow Log ;
------------
quartus_map --read_settings_files=on --write_settings_files=off jermy_vending_machine -c dazmarlah_machine
quartus_fit --read_settings_files=off --write_settings_files=off jermy_vending_machine -c dazmarlah_machine
quartus_asm --read_settings_files=off --write_settings_files=off jermy_vending_machine -c dazmarlah_machine
quartus_tan --read_settings_files=off --write_settings_files=off jermy_vending_machine -c dazmarlah_machine --timing_analysis_only
quartus_eda --read_settings_files=off --write_settings_files=off jermy_vending_machine -c dazmarlah_machine



